mode: set
github.com/nekruz08/wallet/pkg/wallet/service.go:25.78,26.37 1 1
github.com/nekruz08/wallet/pkg/wallet/service.go:31.2,38.21 4 1
github.com/nekruz08/wallet/pkg/wallet/service.go:26.37,27.29 1 0
github.com/nekruz08/wallet/pkg/wallet/service.go:27.29,29.4 1 0
github.com/nekruz08/wallet/pkg/wallet/service.go:43.70,44.17 1 1
github.com/nekruz08/wallet/pkg/wallet/service.go:48.2,49.33 2 1
github.com/nekruz08/wallet/pkg/wallet/service.go:56.2,56.20 1 1
github.com/nekruz08/wallet/pkg/wallet/service.go:61.2,62.12 2 1
github.com/nekruz08/wallet/pkg/wallet/service.go:44.17,46.3 1 0
github.com/nekruz08/wallet/pkg/wallet/service.go:49.33,50.26 1 1
github.com/nekruz08/wallet/pkg/wallet/service.go:50.26,52.9 2 1
github.com/nekruz08/wallet/pkg/wallet/service.go:56.20,58.3 1 0
github.com/nekruz08/wallet/pkg/wallet/service.go:67.114,68.14 1 1
github.com/nekruz08/wallet/pkg/wallet/service.go:72.2,73.33 2 1
github.com/nekruz08/wallet/pkg/wallet/service.go:80.2,80.17 1 1
github.com/nekruz08/wallet/pkg/wallet/service.go:84.2,84.27 1 1
github.com/nekruz08/wallet/pkg/wallet/service.go:88.2,98.20 5 1
github.com/nekruz08/wallet/pkg/wallet/service.go:68.14,70.3 1 0
github.com/nekruz08/wallet/pkg/wallet/service.go:73.33,74.23 1 1
github.com/nekruz08/wallet/pkg/wallet/service.go:74.23,76.9 2 1
github.com/nekruz08/wallet/pkg/wallet/service.go:80.17,82.3 1 0
github.com/nekruz08/wallet/pkg/wallet/service.go:84.27,86.3 1 0
github.com/nekruz08/wallet/pkg/wallet/service.go:103.76,105.33 2 1
github.com/nekruz08/wallet/pkg/wallet/service.go:112.2,112.20 1 1
github.com/nekruz08/wallet/pkg/wallet/service.go:116.2,116.20 1 1
github.com/nekruz08/wallet/pkg/wallet/service.go:105.33,106.26 1 1
github.com/nekruz08/wallet/pkg/wallet/service.go:106.26,108.9 2 1
github.com/nekruz08/wallet/pkg/wallet/service.go:112.20,114.3 1 0
github.com/nekruz08/wallet/pkg/wallet/service.go:121.50,123.16 2 1
github.com/nekruz08/wallet/pkg/wallet/service.go:127.2,128.16 2 1
github.com/nekruz08/wallet/pkg/wallet/service.go:132.2,134.12 3 1
github.com/nekruz08/wallet/pkg/wallet/service.go:123.16,125.3 1 0
github.com/nekruz08/wallet/pkg/wallet/service.go:128.16,130.3 1 0
github.com/nekruz08/wallet/pkg/wallet/service.go:139.76,140.37 1 1
github.com/nekruz08/wallet/pkg/wallet/service.go:145.2,145.32 1 1
github.com/nekruz08/wallet/pkg/wallet/service.go:140.37,141.27 1 1
github.com/nekruz08/wallet/pkg/wallet/service.go:141.27,143.4 1 1
github.com/nekruz08/wallet/pkg/wallet/service.go:157.35,159.2 1 1
github.com/nekruz08/wallet/pkg/wallet/service.go:172.93,175.16 2 1
github.com/nekruz08/wallet/pkg/wallet/service.go:180.2,181.16 2 1
github.com/nekruz08/wallet/pkg/wallet/service.go:187.2,188.40 2 1
github.com/nekruz08/wallet/pkg/wallet/service.go:196.2,196.31 1 1
github.com/nekruz08/wallet/pkg/wallet/service.go:175.16,177.3 1 0
github.com/nekruz08/wallet/pkg/wallet/service.go:181.16,183.3 1 0
github.com/nekruz08/wallet/pkg/wallet/service.go:188.40,191.17 2 1
github.com/nekruz08/wallet/pkg/wallet/service.go:191.17,193.4 1 0
